<?xml version="1.0" encoding="UTF-8"?>
<!-- Generated by org.testng.reporters.JUnitReportReporter -->
<testsuite skipped="0" hostname="IBM932-PC0DXRAV" name="com.training.sanity.tests.RTTC_027Tests" tests="1" failures="0" timestamp="10 Jan 2019 07:50:41 GMT" time="23.660" errors="0">
  <testcase name="validRetailLoginTest2" time="23.660" classname="com.training.sanity.tests.RTTC_027Tests"/>
</testsuite> <!-- com.training.sanity.tests.RTTC_027Tests -->
