<?xml version="1.0" encoding="UTF-8"?>
<!-- Generated by org.testng.reporters.JUnitReportReporter -->
<testsuite skipped="0" hostname="IBM932-PC0DXRAV" name="com.training.sanity.tests.RTTC_056Tests" tests="1" failures="0" timestamp="17 Jan 2019 11:05:26 GMT" time="42.411" errors="0">
  <testcase name="validRetailLoginTest56" time="42.411" classname="com.training.sanity.tests.RTTC_056Tests"/>
</testsuite> <!-- com.training.sanity.tests.RTTC_056Tests -->
