<?xml version="1.0" encoding="UTF-8"?>
<!-- Generated by org.testng.reporters.JUnitReportReporter -->
<testsuite skipped="0" hostname="IBM932-PC0DXRAV" name="com.training.sanity.tests.RTTC_086Tests" tests="1" failures="0" timestamp="23 Jan 2019 11:14:01 GMT" time="33.646" errors="0">
  <testcase name="validRetailLoginTest86" time="33.646" classname="com.training.sanity.tests.RTTC_086Tests"/>
</testsuite> <!-- com.training.sanity.tests.RTTC_086Tests -->
