<?xml version="1.0" encoding="UTF-8"?>
<!-- Generated by org.testng.reporters.JUnitReportReporter -->
<testsuite skipped="0" hostname="IBM932-PC0DXRAV" name="com.training.sanity.tests.RTTC_057Tests" tests="1" failures="0" timestamp="17 Jan 2019 11:01:36 GMT" time="35.996" errors="0">
  <testcase name="validRetailLoginTest56" time="35.996" classname="com.training.sanity.tests.RTTC_057Tests"/>
</testsuite> <!-- com.training.sanity.tests.RTTC_057Tests -->
