<?xml version="1.0" encoding="UTF-8"?>
<!-- Generated by org.testng.reporters.JUnitReportReporter -->
<testsuite skipped="0" hostname="IBM932-PC0DXRAV" name="com.training.sanity.tests.RTTC_029Tests" tests="1" failures="0" timestamp="09 Jan 2019 13:52:48 GMT" time="13.308" errors="0">
  <testcase name="validRetailLoginTest" time="13.308" classname="com.training.sanity.tests.RTTC_029Tests"/>
</testsuite> <!-- com.training.sanity.tests.RTTC_029Tests -->
