<?xml version="1.0" encoding="UTF-8"?>
<!-- Generated by org.testng.reporters.JUnitReportReporter -->
<testsuite skipped="0" hostname="IBM932-PC0DXRAV" name="com.training.sanity.tests.RTTC_028Tests" tests="1" failures="0" timestamp="10 Jan 2019 08:30:24 GMT" time="19.513" errors="0">
  <testcase name="validRetailLoginTest3" time="19.513" classname="com.training.sanity.tests.RTTC_028Tests"/>
</testsuite> <!-- com.training.sanity.tests.RTTC_028Tests -->
