<?xml version="1.0" encoding="UTF-8"?>
<!-- Generated by org.testng.reporters.JUnitReportReporter -->
<testsuite skipped="0" hostname="IBM932-PC0DXRAV" name="com.training.sanity.tests.RTTC_089Tests" tests="1" failures="0" timestamp="28 Jan 2019 14:00:16 GMT" time="164.483" errors="0">
  <testcase name="validRetailLoginTest089" time="164.483" classname="com.training.sanity.tests.RTTC_089Tests"/>
</testsuite> <!-- com.training.sanity.tests.RTTC_089Tests -->
