<?xml version="1.0" encoding="UTF-8"?>
<!-- Generated by org.testng.reporters.JUnitReportReporter -->
<testsuite skipped="0" hostname="IBM932-PC0DXRAV" name="com.training.sanity.tests.RTTC_026Tests" tests="1" failures="0" timestamp="10 Jan 2019 13:36:44 GMT" time="24.790" errors="0">
  <testcase name="validRetailLoginTest1" time="24.790" classname="com.training.sanity.tests.RTTC_026Tests"/>
</testsuite> <!-- com.training.sanity.tests.RTTC_026Tests -->
