<?xml version="1.0" encoding="UTF-8"?>
<!-- Generated by org.testng.reporters.JUnitReportReporter -->
<testsuite skipped="0" hostname="IBM932-PC0DXRAV" name="com.training.sanity.tests.RTTC_026Tests" tests="1" failures="0" timestamp="22 Jan 2019 07:15:59 GMT" time="21.300" errors="0">
  <testcase name="validRetailLoginTest1" time="21.300" classname="com.training.sanity.tests.RTTC_026Tests"/>
</testsuite> <!-- com.training.sanity.tests.RTTC_026Tests -->
