<?xml version="1.0" encoding="UTF-8"?>
<!-- Generated by org.testng.reporters.JUnitReportReporter -->
<testsuite skipped="0" hostname="IBM932-PC0DXRAV" name="com.training.sanity.tests.RTTC_058Tests" tests="1" failures="0" timestamp="17 Jan 2019 11:07:07 GMT" time="23.303" errors="0">
  <testcase name="validRetailLoginTest56" time="23.303" classname="com.training.sanity.tests.RTTC_058Tests"/>
</testsuite> <!-- com.training.sanity.tests.RTTC_058Tests -->
