<?xml version="1.0" encoding="UTF-8"?>
<!-- Generated by org.testng.reporters.JUnitReportReporter -->
<testsuite skipped="0" hostname="IBM932-PC0DXRAV" name="com.training.sanity.tests.RTTC_059Tests" tests="1" failures="0" timestamp="21 Jan 2019 12:07:31 GMT" time="27.126" errors="0">
  <testcase name="validRetailLoginTest59" time="27.126" classname="com.training.sanity.tests.RTTC_059Tests"/>
</testsuite> <!-- com.training.sanity.tests.RTTC_059Tests -->
