<?xml version="1.0" encoding="UTF-8"?>
<!-- Generated by org.testng.reporters.JUnitReportReporter -->
<testsuite skipped="0" hostname="IBM932-PC0DXRAV" name="com.training.sanity.tests.RTTC_060Tests" tests="1" failures="0" timestamp="21 Jan 2019 09:51:04 GMT" time="25.636" errors="0">
  <testcase name="validRetailLoginTest60" time="25.636" classname="com.training.sanity.tests.RTTC_060Tests"/>
</testsuite> <!-- com.training.sanity.tests.RTTC_060Tests -->
